2026-03-05 16:13:50,274 - ComfyUI_Manager - INFO - 尝试加载配置文件: C:\Users\boxia\Desktop\ComfyUI管理器\config.json
2026-03-05 16:13:50,274 - ComfyUI_Manager - INFO - 配置文件存在: C:\Users\boxia\Desktop\ComfyUI管理器\config.json
2026-03-05 16:13:50,274 - ComfyUI_Manager - INFO - 成功加载配置文件: C:\Users\boxia\Desktop\ComfyUI管理器\config.json
2026-03-05 16:13:50,275 - ComfyUI_Manager - INFO - 配置键: ['services_running', 'last_tab', 'window_position', 'window_size', 'venv_path', 'install_path', 'auto_start', 'theme', 'language', 'first_run']
2026-03-05 16:13:50,373 - ComfyUI_Manager - INFO - 启动ComfyUI功能管理器
2026-03-05 16:13:50,373 - ComfyUI_Manager - INFO - 创建主窗口
2026-03-05 16:13:50,438 - ComfyUI_Manager - INFO - 自动加载缓存的检测结果
2026-03-05 16:13:50,438 - ComfyUI_Manager - INFO - 格式化后的检测结果: === 检测概览 ===
检测时间: 2026-03-05 13:06:49
操作系统: Windows
Python版本: 3.12.10
检测工具版本: 1.0
管理员权限: False
缓存时间...
2026-03-05 16:13:50,627 - ComfyUI_Manager - INFO - 自动运行已开启，准备启动ComfyUI
2026-03-05 16:13:50,630 - ComfyUI_Manager - INFO - 显示主题设置
2026-03-05 16:13:50,673 - ComfyUI_Manager - INFO - 显示主题设置
2026-03-05 16:13:50,675 - ComfyUI_Manager - INFO - 切换到标签 system，索引 0
2026-03-05 16:13:50,675 - ComfyUI_Manager - INFO - 切换到标签: system
2026-03-05 16:13:50,676 - ComfyUI_Manager - INFO - 自动加载缓存的检测结果
2026-03-05 16:13:50,677 - ComfyUI_Manager - INFO - 格式化后的检测结果: === 检测概览 ===
检测时间: 2026-03-05 13:06:49
操作系统: Windows
Python版本: 3.12.10
检测工具版本: 1.0
管理员权限: False
缓存时间...
2026-03-05 16:13:50,679 - ComfyUI_Manager - INFO - 文件管理标签页UI已刷新
2026-03-05 16:13:50,680 - ComfyUI_Manager - INFO - 一键启动标签页UI已刷新
2026-03-05 16:13:50,681 - ComfyUI_Manager - INFO - 显示主题设置
2026-03-05 16:13:50,683 - ComfyUI_Manager - INFO - 自动加载缓存的检测结果
2026-03-05 16:13:50,684 - ComfyUI_Manager - INFO - 格式化后的检测结果: === 检测概览 ===
检测时间: 2026-03-05 13:06:49
操作系统: Windows
Python版本: 3.12.10
检测工具版本: 1.0
管理员权限: False
缓存时间...
2026-03-05 16:13:50,684 - ComfyUI_Manager - INFO - 自动运行已启用，导航到一键启动界面
2026-03-05 16:13:50,685 - ComfyUI_Manager - INFO - 切换到标签 one_click_start，索引 4
2026-03-05 16:13:50,685 - ComfyUI_Manager - INFO - 切换到标签: one_click_start
2026-03-05 16:13:50,686 - ComfyUI_Manager - INFO - 自动加载缓存的检测结果
2026-03-05 16:13:50,688 - ComfyUI_Manager - INFO - 格式化后的检测结果: === 检测概览 ===
检测时间: 2026-03-05 13:06:49
操作系统: Windows
Python版本: 3.12.10
检测工具版本: 1.0
管理员权限: False
缓存时间...
2026-03-05 16:13:50,689 - ComfyUI_Manager - INFO - 文件管理标签页UI已刷新
2026-03-05 16:13:50,689 - ComfyUI_Manager - INFO - 一键启动标签页UI已刷新
2026-03-05 16:13:50,691 - ComfyUI_Manager - INFO - 显示主题设置
2026-03-05 16:13:50,692 - ComfyUI_Manager - INFO - 一键启动标签页UI已刷新
2026-03-05 16:13:51,627 - ComfyUI_Manager - INFO - 点击有效，更新 start_comfyui 按钮的点击时间为 1772698431.6274066
2026-03-05 16:13:51,627 - ComfyUI_Manager - INFO - 开始启动ComfyUI
2026-03-05 16:13:51,777 - ComfyUI_Manager - INFO - 路径 E:/ 是否有虚拟环境: True
2026-03-05 16:13:51,777 - ComfyUI_Manager - INFO - 更新路径为: E:/
2026-03-05 16:13:51,777 - ComfyUI_Manager - INFO - 更新标签页 one_click_install 的路径为: E:/
2026-03-05 16:13:51,778 - ComfyUI_Manager - INFO - 更新路径为: E:/
2026-03-05 16:13:51,778 - ComfyUI_Manager - INFO - 更新标签页 smart_fix 的路径为: E:/
2026-03-05 16:13:51,778 - ComfyUI_Manager - INFO - 点击有效，更新 refresh_files 按钮的点击时间为 1772698431.778954
2026-03-05 16:13:51,778 - ComfyUI_Manager - INFO - 刷新文件列表
2026-03-05 16:13:51,779 - ComfyUI_Manager - ERROR - 添加文件到树失败: [WinError 5] 拒绝访问。: 'E:/$RECYCLE.BIN\\S-1-5-18'
2026-03-05 16:13:51,779 - ComfyUI_Manager - ERROR - 添加文件到树失败: [WinError 5] 拒绝访问。: 'E:/$RECYCLE.BIN\\S-1-5-21-1043234536-1176194750-1849758253-1001'
2026-03-05 16:13:51,779 - ComfyUI_Manager - ERROR - 添加文件到树失败: [WinError 5] 拒绝访问。: 'E:/$RECYCLE.BIN\\S-1-5-21-1074764930-3316282759-1051462994-1000'
2026-03-05 16:13:51,779 - ComfyUI_Manager - ERROR - 添加文件到树失败: [WinError 5] 拒绝访问。: 'E:/$RECYCLE.BIN\\S-1-5-21-1074764930-3316282759-1051462994-1001'
2026-03-05 16:13:51,779 - ComfyUI_Manager - ERROR - 添加文件到树失败: [WinError 5] 拒绝访问。: 'E:/$RECYCLE.BIN\\S-1-5-21-1074764930-3316282759-1051462994-1002'
2026-03-05 16:13:51,780 - ComfyUI_Manager - ERROR - 添加文件到树失败: [WinError 5] 拒绝访问。: 'E:/$RECYCLE.BIN\\S-1-5-21-1261331127-700517662-3826777505-1001'
2026-03-05 16:13:51,780 - ComfyUI_Manager - ERROR - 添加文件到树失败: [WinError 5] 拒绝访问。: 'E:/$RECYCLE.BIN\\S-1-5-21-1301886505-574202194-2905125902-1001'
2026-03-05 16:13:51,780 - ComfyUI_Manager - ERROR - 添加文件到树失败: [WinError 5] 拒绝访问。: 'E:/$RECYCLE.BIN\\S-1-5-21-1467945718-526431171-3719646151-1001'
2026-03-05 16:13:51,780 - ComfyUI_Manager - ERROR - 添加文件到树失败: [WinError 5] 拒绝访问。: 'E:/$RECYCLE.BIN\\S-1-5-21-1710498730-1820580297-934660749-1001'
2026-03-05 16:13:51,781 - ComfyUI_Manager - ERROR - 添加文件到树失败: [WinError 5] 拒绝访问。: 'E:/$RECYCLE.BIN\\S-1-5-21-2007175306-1360877697-3547198071-1001'
2026-03-05 16:13:51,781 - ComfyUI_Manager - ERROR - 添加文件到树失败: [WinError 5] 拒绝访问。: 'E:/$RECYCLE.BIN\\S-1-5-21-2047361059-2047811774-2048649695-1001'
2026-03-05 16:13:51,781 - ComfyUI_Manager - ERROR - 添加文件到树失败: [WinError 5] 拒绝访问。: 'E:/$RECYCLE.BIN\\S-1-5-21-2074970982-1831108675-3060783828-1001'
2026-03-05 16:13:51,781 - ComfyUI_Manager - ERROR - 添加文件到树失败: [WinError 5] 拒绝访问。: 'E:/$RECYCLE.BIN\\S-1-5-21-2268627617-2275173072-430061915-1001'
2026-03-05 16:13:51,781 - ComfyUI_Manager - ERROR - 添加文件到树失败: [WinError 5] 拒绝访问。: 'E:/$RECYCLE.BIN\\S-1-5-21-2301410967-2086237546-2679281128-1001'
2026-03-05 16:13:51,781 - ComfyUI_Manager - ERROR - 添加文件到树失败: [WinError 5] 拒绝访问。: 'E:/$RECYCLE.BIN\\S-1-5-21-258841586-2202930209-1860775735-1002'
2026-03-05 16:13:51,782 - ComfyUI_Manager - ERROR - 添加文件到树失败: [WinError 5] 拒绝访问。: 'E:/$RECYCLE.BIN\\S-1-5-21-2853664267-973789574-2810159930-1001'
2026-03-05 16:13:51,782 - ComfyUI_Manager - ERROR - 添加文件到树失败: [WinError 5] 拒绝访问。: 'E:/$RECYCLE.BIN\\S-1-5-21-2940698016-3911471069-436013525-1001'
2026-03-05 16:13:51,782 - ComfyUI_Manager - ERROR - 添加文件到树失败: [WinError 5] 拒绝访问。: 'E:/$RECYCLE.BIN\\S-1-5-21-3141791215-2335743030-3240978817-1001'
2026-03-05 16:13:51,782 - ComfyUI_Manager - ERROR - 添加文件到树失败: [WinError 5] 拒绝访问。: 'E:/$RECYCLE.BIN\\S-1-5-21-3517619521-2286527229-769687489-1001'
2026-03-05 16:13:51,782 - ComfyUI_Manager - ERROR - 添加文件到树失败: [WinError 5] 拒绝访问。: 'E:/$RECYCLE.BIN\\S-1-5-21-3701176227-976502023-3306709531-1001'
2026-03-05 16:13:51,782 - ComfyUI_Manager - ERROR - 添加文件到树失败: [WinError 5] 拒绝访问。: 'E:/$RECYCLE.BIN\\S-1-5-21-3741322516-2429759667-2991714087-1001'
2026-03-05 16:13:51,783 - ComfyUI_Manager - ERROR - 添加文件到树失败: [WinError 5] 拒绝访问。: 'E:/$RECYCLE.BIN\\S-1-5-21-389943751-2880146058-2474947868-1001'
2026-03-05 16:13:51,783 - ComfyUI_Manager - ERROR - 添加文件到树失败: [WinError 5] 拒绝访问。: 'E:/$RECYCLE.BIN\\S-1-5-21-4189234451-2894513614-2806091984-1001'
2026-03-05 16:13:51,783 - ComfyUI_Manager - ERROR - 添加文件到树失败: [WinError 5] 拒绝访问。: 'E:/$RECYCLE.BIN\\S-1-5-21-711312797-146043543-2050895310-1001'
2026-03-05 16:13:51,783 - ComfyUI_Manager - ERROR - 添加文件到树失败: [WinError 5] 拒绝访问。: 'E:/$RECYCLE.BIN\\S-1-5-21-956049280-4172312271-3640238713-1001'
2026-03-05 16:13:51,783 - ComfyUI_Manager - ERROR - 添加文件到树失败: [WinError 5] 拒绝访问。: 'E:/$RECYCLE.BIN\\S-1-5-21-964732972-219930994-3371780385-1001'
2026-03-05 16:13:51,813 - ComfyUI_Manager - ERROR - 添加文件到树失败: [WinError 5] 拒绝访问。: 'E:/System Volume Information'
2026-03-05 16:13:51,838 - ComfyUI_Manager - INFO - 更新路径为: E:/
2026-03-05 16:13:51,838 - ComfyUI_Manager - INFO - 更新标签页 file_management 的路径为: E:/
2026-03-05 16:13:51,838 - ComfyUI_Manager - INFO - 更新路径为: E:/
2026-03-05 16:13:51,838 - ComfyUI_Manager - INFO - 更新标签页 one_click_start 的路径为: E:/
2026-03-05 16:13:51,838 - ComfyUI_Manager - INFO - 通知主窗口更新所有标签页路径为: E:/
2026-03-05 16:13:51,838 - ComfyUI_Manager - INFO - 创建启动线程，安装路径: E:/
2026-03-05 16:13:51,838 - ComfyUI_Manager - INFO - 启动线程已启动
2026-03-05 16:13:51,989 - ComfyUI_Manager - INFO - 启动进度: 0% - 开始启动ComfyUI...
2026-03-05 16:13:52,055 - ComfyUI_Manager - INFO - 启动日志: 虚拟环境路径: E:/ComfyUI_venv
2026-03-05 16:13:52,104 - ComfyUI_Manager - INFO - 启动日志: 使用虚拟环境Python: E:/ComfyUI_venv\Scripts\pythonw.exe
2026-03-05 16:13:52,171 - ComfyUI_Manager - INFO - 启动日志: ComfyUI安装路径: E:/ComfyUI
2026-03-05 16:13:52,234 - ComfyUI_Manager - INFO - 启动进度: 40% - 启动ComfyUI...
2026-03-05 16:13:52,289 - ComfyUI_Manager - INFO - 启动进度: 45% - 检查端口8188是否被占用...
2026-03-05 16:13:52,338 - ComfyUI_Manager - INFO - 启动日志: 端口8188已被占用，尝试清理...
2026-03-05 16:13:52,922 - ComfyUI_Manager - INFO - 启动日志: 找到占用端口8188的进程: pythonw.exe (PID: 21612)
2026-03-05 16:13:52,989 - ComfyUI_Manager - INFO - 启动日志: 已终止占用端口8188的进程
2026-03-05 16:13:54,992 - ComfyUI_Manager - INFO - 启动进度: 60% - 正在启动ComfyUI进程...
2026-03-05 16:13:55,608 - ComfyUI_Manager - ERROR - 添加文件到树失败: [WinError 5] 拒绝访问。: 'E:/$RECYCLE.BIN\\S-1-5-18'
2026-03-05 16:13:55,608 - ComfyUI_Manager - ERROR - 添加文件到树失败: [WinError 5] 拒绝访问。: 'E:/$RECYCLE.BIN\\S-1-5-21-1043234536-1176194750-1849758253-1001'
2026-03-05 16:13:55,608 - ComfyUI_Manager - ERROR - 添加文件到树失败: [WinError 5] 拒绝访问。: 'E:/$RECYCLE.BIN\\S-1-5-21-1074764930-3316282759-1051462994-1000'
2026-03-05 16:13:55,608 - ComfyUI_Manager - ERROR - 添加文件到树失败: [WinError 5] 拒绝访问。: 'E:/$RECYCLE.BIN\\S-1-5-21-1074764930-3316282759-1051462994-1001'
2026-03-05 16:13:55,608 - ComfyUI_Manager - ERROR - 添加文件到树失败: [WinError 5] 拒绝访问。: 'E:/$RECYCLE.BIN\\S-1-5-21-1074764930-3316282759-1051462994-1002'
2026-03-05 16:13:55,609 - ComfyUI_Manager - ERROR - 添加文件到树失败: [WinError 5] 拒绝访问。: 'E:/$RECYCLE.BIN\\S-1-5-21-1261331127-700517662-3826777505-1001'
2026-03-05 16:13:55,609 - ComfyUI_Manager - ERROR - 添加文件到树失败: [WinError 5] 拒绝访问。: 'E:/$RECYCLE.BIN\\S-1-5-21-1301886505-574202194-2905125902-1001'
2026-03-05 16:13:55,609 - ComfyUI_Manager - ERROR - 添加文件到树失败: [WinError 5] 拒绝访问。: 'E:/$RECYCLE.BIN\\S-1-5-21-1467945718-526431171-3719646151-1001'
2026-03-05 16:13:55,609 - ComfyUI_Manager - ERROR - 添加文件到树失败: [WinError 5] 拒绝访问。: 'E:/$RECYCLE.BIN\\S-1-5-21-1710498730-1820580297-934660749-1001'
2026-03-05 16:13:55,609 - ComfyUI_Manager - ERROR - 添加文件到树失败: [WinError 5] 拒绝访问。: 'E:/$RECYCLE.BIN\\S-1-5-21-2007175306-1360877697-3547198071-1001'
2026-03-05 16:13:55,610 - ComfyUI_Manager - ERROR - 添加文件到树失败: [WinError 5] 拒绝访问。: 'E:/$RECYCLE.BIN\\S-1-5-21-2047361059-2047811774-2048649695-1001'
2026-03-05 16:13:55,610 - ComfyUI_Manager - ERROR - 添加文件到树失败: [WinError 5] 拒绝访问。: 'E:/$RECYCLE.BIN\\S-1-5-21-2074970982-1831108675-3060783828-1001'
2026-03-05 16:13:55,610 - ComfyUI_Manager - ERROR - 添加文件到树失败: [WinError 5] 拒绝访问。: 'E:/$RECYCLE.BIN\\S-1-5-21-2268627617-2275173072-430061915-1001'
2026-03-05 16:13:55,610 - ComfyUI_Manager - ERROR - 添加文件到树失败: [WinError 5] 拒绝访问。: 'E:/$RECYCLE.BIN\\S-1-5-21-2301410967-2086237546-2679281128-1001'
2026-03-05 16:13:55,610 - ComfyUI_Manager - ERROR - 添加文件到树失败: [WinError 5] 拒绝访问。: 'E:/$RECYCLE.BIN\\S-1-5-21-258841586-2202930209-1860775735-1002'
2026-03-05 16:13:55,610 - ComfyUI_Manager - ERROR - 添加文件到树失败: [WinError 5] 拒绝访问。: 'E:/$RECYCLE.BIN\\S-1-5-21-2853664267-973789574-2810159930-1001'
2026-03-05 16:13:55,610 - ComfyUI_Manager - ERROR - 添加文件到树失败: [WinError 5] 拒绝访问。: 'E:/$RECYCLE.BIN\\S-1-5-21-2940698016-3911471069-436013525-1001'
2026-03-05 16:13:55,611 - ComfyUI_Manager - ERROR - 添加文件到树失败: [WinError 5] 拒绝访问。: 'E:/$RECYCLE.BIN\\S-1-5-21-3141791215-2335743030-3240978817-1001'
2026-03-05 16:13:55,611 - ComfyUI_Manager - ERROR - 添加文件到树失败: [WinError 5] 拒绝访问。: 'E:/$RECYCLE.BIN\\S-1-5-21-3517619521-2286527229-769687489-1001'
2026-03-05 16:13:55,611 - ComfyUI_Manager - ERROR - 添加文件到树失败: [WinError 5] 拒绝访问。: 'E:/$RECYCLE.BIN\\S-1-5-21-3701176227-976502023-3306709531-1001'
2026-03-05 16:13:55,611 - ComfyUI_Manager - ERROR - 添加文件到树失败: [WinError 5] 拒绝访问。: 'E:/$RECYCLE.BIN\\S-1-5-21-3741322516-2429759667-2991714087-1001'
2026-03-05 16:13:55,611 - ComfyUI_Manager - ERROR - 添加文件到树失败: [WinError 5] 拒绝访问。: 'E:/$RECYCLE.BIN\\S-1-5-21-389943751-2880146058-2474947868-1001'
2026-03-05 16:13:55,611 - ComfyUI_Manager - ERROR - 添加文件到树失败: [WinError 5] 拒绝访问。: 'E:/$RECYCLE.BIN\\S-1-5-21-4189234451-2894513614-2806091984-1001'
2026-03-05 16:13:55,611 - ComfyUI_Manager - ERROR - 添加文件到树失败: [WinError 5] 拒绝访问。: 'E:/$RECYCLE.BIN\\S-1-5-21-711312797-146043543-2050895310-1001'
2026-03-05 16:13:55,612 - ComfyUI_Manager - ERROR - 添加文件到树失败: [WinError 5] 拒绝访问。: 'E:/$RECYCLE.BIN\\S-1-5-21-956049280-4172312271-3640238713-1001'
2026-03-05 16:13:55,612 - ComfyUI_Manager - ERROR - 添加文件到树失败: [WinError 5] 拒绝访问。: 'E:/$RECYCLE.BIN\\S-1-5-21-964732972-219930994-3371780385-1001'
2026-03-05 16:13:55,640 - ComfyUI_Manager - ERROR - 添加文件到树失败: [WinError 5] 拒绝访问。: 'E:/System Volume Information'
2026-03-05 16:13:55,667 - ComfyUI_Manager - INFO - 自动刷新文件列表: E:/
2026-03-05 16:13:55,676 - ComfyUI_Manager - INFO - 启动日志: comfy-aimdo failed to load: Could not find module 'E:\ComfyUI_venv\Lib\site-packages\comfy_aimdo\aimdo.dll' (or one of its dependencies). Try using the full path with constructor syntax.
2026-03-05 16:13:55,676 - ComfyUI_Manager - INFO - 启动日志: NOTE: comfy-aimdo is currently only support for Nvidia GPUs
2026-03-05 16:13:55,732 - ComfyUI_Manager - INFO - 启动日志: E:\ComfyUI_venv\Lib\site-packages\requests\__init__.py:113: RequestsDependencyWarning: urllib3 (2.6.3) or chardet (7.0.1)/charset_normalizer (3.4.4) doesn't match a supported version!
2026-03-05 16:13:55,733 - ComfyUI_Manager - INFO - 启动日志: warnings.warn(
2026-03-05 16:13:56,749 - ComfyUI_Manager - INFO - 关闭应用程序
